<?xml version="1.0" encoding="UTF-8"?>
<!-- Generated by org.testng.reporters.JUnitReportReporter -->
<testsuite hostname="LAPTOP-RLLRFFNG" failures="0" tests="1" name="Testcase.Tc001" time="4.582" errors="0" timestamp="2023-10-26T10:57:28 IST" skipped="0">
  <testcase classname="Testcase.Tc001" name="Loginapplication" time="4.582"/>
</testsuite> <!-- Testcase.Tc001 -->
